Created data frame of data.
Obtained angles.
Obtained planet positions.
Dust positions in projection.
Got double projections.
Plotting time  0.01
Plotting time  0.02
Plotting time  0.03
Plotting time  0.04
Plotting time  0.05
Plotting time  0.060000000000000005
Plotting time  0.07
Plotting time  0.08
Plotting time  0.09
Plotting time  0.09999999999999999
Plotting time  0.10999999999999999
Plotting time  0.11999999999999998
Plotting time  0.12999999999999998
Plotting time  0.13999999999999999
Plotting time  0.15
Plotting time  0.16
Plotting time  0.17
Plotting time  0.18000000000000002
Plotting time  0.19000000000000003
Plotting time  0.20000000000000004
Plotting time  0.21000000000000005
Plotting time  0.22000000000000006
Plotting time  0.23000000000000007
Plotting time  0.24000000000000007
Plotting time  0.25000000000000006
Plotting time  0.26000000000000006
Plotting time  0.2700000000000001
Plotting time  0.2800000000000001
Plotting time  0.2900000000000001
Plotting time  0.3000000000000001
Plotting time  0.3100000000000001
Plotting time  0.3200000000000001
Plotting time  0.3300000000000001
Plotting time  0.34000000000000014
Plotting time  0.35000000000000014
Plotting time  0.36000000000000015
Plotting time  0.37000000000000016
Plotting time  0.38000000000000017
Plotting time  0.3900000000000002
Plotting time  0.4000000000000002
Plotting time  0.4100000000000002
Plotting time  0.4200000000000002
Plotting time  0.4300000000000002
Plotting time  0.4400000000000002
Plotting time  0.45000000000000023
Plotting time  0.46000000000000024
Plotting time  0.47000000000000025
Plotting time  0.48000000000000026
Plotting time  0.49000000000000027
Plotting time  0.5000000000000002
Plotting time  0.5100000000000002
Plotting time  0.5200000000000002
Plotting time  0.5300000000000002
Plotting time  0.5400000000000003
Plotting time  0.5500000000000003
Plotting time  0.5600000000000003
Plotting time  0.5700000000000003
Plotting time  0.5800000000000003
Plotting time  0.5900000000000003
Plotting time  0.6000000000000003
Plotting time  0.6100000000000003
Plotting time  0.6200000000000003
Plotting time  0.6300000000000003
Plotting time  0.6400000000000003
Plotting time  0.6500000000000004
Plotting time  0.6600000000000004
Plotting time  0.6700000000000004
Plotting time  0.6800000000000004
Plotting time  0.6900000000000004
Plotting time  0.7000000000000004
Plotting time  0.7100000000000004
Plotting time  0.7200000000000004
Plotting time  0.7300000000000004
Plotting time  0.7400000000000004
Plotting time  0.7500000000000004
Plotting time  0.7600000000000005
Plotting time  0.7700000000000005
Plotting time  0.7800000000000005
Plotting time  0.7900000000000005
Plotting time  0.8000000000000005
Plotting time  0.8100000000000005
Plotting time  0.8200000000000005
Plotting time  0.8300000000000005
Plotting time  0.8400000000000005
Plotting time  0.8500000000000005
Plotting time  0.8600000000000005
Plotting time  0.8700000000000006
Plotting time  0.8800000000000006
Plotting time  0.8900000000000006
Plotting time  0.9000000000000006
Plotting time  0.9100000000000006
Plotting time  0.9200000000000006
Plotting time  0.9300000000000006
Plotting time  0.9400000000000006
Plotting time  0.9500000000000006
Plotting time  0.9600000000000006
Plotting time  0.9700000000000006
Plotting time  0.9800000000000006
Plotting time  0.9900000000000007
Plotting time  1.0000000000000007
Plotting time  1.0099999999999996
Plotting time  1.0199999999999985
Plotting time  1.0299999999999974
Plotting time  1.0399999999999963
Plotting time  1.0499999999999952
Plotting time  1.059999999999994
Plotting time  1.069999999999993
Plotting time  1.0799999999999919
Plotting time  1.0899999999999908
Plotting time  1.0999999999999897
