adding particles 
built grids and added particles
At rm particles 
rm particles fine
1
1
orbit: 0
At rm particles 
0
at plot stuff 0.01
adding particles 
orbit: 0.01
At rm particles 
0
at plot stuff 0.02
adding particles 
orbit: 0.02
At rm particles 
0
at plot stuff 0.03
adding particles 
orbit: 0.03
At rm particles 
0
at plot stuff 0.04
adding particles 
orbit: 0.04
At rm particles 
0
at plot stuff 0.05
adding particles 
orbit: 0.05
At rm particles 
0
at plot stuff 0.06
adding particles 
orbit: 0.06
At rm particles 
0
at plot stuff 0.07
adding particles 
orbit: 0.07
At rm particles 
0
at plot stuff 0.08
adding particles 
orbit: 0.08
At rm particles 
0
at plot stuff 0.09
adding particles 
orbit: 0.09
At rm particles 
0
at plot stuff 0.1
adding particles 
orbit: 0.1
At rm particles 
0
at plot stuff 0.11
adding particles 
orbit: 0.11
At rm particles 
0
at plot stuff 0.12
adding particles 
orbit: 0.12
At rm particles 
0
at plot stuff 0.13
adding particles 
orbit: 0.13
At rm particles 
0
at plot stuff 0.14
adding particles 
orbit: 0.14
At rm particles 
0
at plot stuff 0.15
adding particles 
orbit: 0.15
At rm particles 
0
at plot stuff 0.16
adding particles 
orbit: 0.16
At rm particles 
0
at plot stuff 0.17
adding particles 
orbit: 0.17
At rm particles 
0
at plot stuff 0.18
adding particles 
orbit: 0.18
At rm particles 
0
at plot stuff 0.19
adding particles 
orbit: 0.19
At rm particles 
0
at plot stuff 0.2
adding particles 
orbit: 0.2
At rm particles 
0
at plot stuff 0.21
adding particles 
orbit: 0.21
At rm particles 
0
at plot stuff 0.22
adding particles 
orbit: 0.22
At rm particles 
0
at plot stuff 0.23
adding particles 
orbit: 0.23
At rm particles 
0
at plot stuff 0.24
adding particles 
orbit: 0.24
At rm particles 
0
at plot stuff 0.25
adding particles 
orbit: 0.25
At rm particles 
0
at plot stuff 0.26
adding particles 
orbit: 0.26
At rm particles 
0
at plot stuff 0.27
adding particles 
orbit: 0.27
At rm particles 
0
at plot stuff 0.28
adding particles 
orbit: 0.28
At rm particles 
0
at plot stuff 0.29
adding particles 
orbit: 0.29
At rm particles 
0
at plot stuff 0.3
adding particles 
orbit: 0.3
At rm particles 
0
at plot stuff 0.31
