adding particles 
built grids and added particles
At rm particles 
rm particles fine
1
1
orbit: 0
At rm particles 
at plot stuff 0.01
adding particles 
orbit: 0.01
At rm particles 
at plot stuff 0.02
adding particles 
orbit: 0.02
At rm particles 
at plot stuff 0.03
adding particles 
orbit: 0.03
At rm particles 
at plot stuff 0.04
adding particles 
orbit: 0.04
At rm particles 
at plot stuff 0.05
adding particles 
orbit: 0.05
At rm particles 
at plot stuff 0.06
adding particles 
orbit: 0.06
At rm particles 
at plot stuff 0.07
adding particles 
orbit: 0.07
At rm particles 
at plot stuff 0.08
adding particles 
orbit: 0.08
At rm particles 
at plot stuff 0.09
adding particles 
orbit: 0.09
At rm particles 
at plot stuff 0.1
adding particles 
orbit: 0.1
At rm particles 
at plot stuff 0.11
adding particles 
orbit: 0.11
At rm particles 
at plot stuff 0.12
adding particles 
orbit: 0.12
At rm particles 
at plot stuff 0.13
adding particles 
orbit: 0.13
At rm particles 
at plot stuff 0.14
adding particles 
orbit: 0.14
At rm particles 
at plot stuff 0.15
adding particles 
orbit: 0.15
At rm particles 
at plot stuff 0.16
adding particles 
orbit: 0.16
At rm particles 
at plot stuff 0.17
adding particles 
orbit: 0.17
At rm particles 
at plot stuff 0.18
adding particles 
orbit: 0.18
At rm particles 
at plot stuff 0.19
adding particles 
orbit: 0.19
At rm particles 
at plot stuff 0.2
adding particles 
orbit: 0.2
At rm particles 
at plot stuff 0.21
adding particles 
orbit: 0.21
At rm particles 
at plot stuff 0.22
adding particles 
orbit: 0.22
error is nan 
3
-1.60071
-nan
error is nan 
4
0.14821
-nan
error is nan 
5
-0.847677
-nan
error is nan 
6
-nan
-nan
error is nan 
0
-nan
-nan
error is nan 
1
-nan
-nan
error is nan 
2
-nan
-nan
error is nan 
3
-nan
-nan
error is nan 
4
-nan
-nan
error is nan 
5
-nan
-nan
error is nan 
6
nan
nan
error is nan 
0
-nan
-nan
error is nan 
1
-nan
-nan
error is nan 
2
-nan
-nan
error is nan 
3
-nan
-nan
error is nan 
4
-nan
-nan
error is nan 
5
-nan
-nan
error is nan 
6
-nan
-nan
At rm particles 
at plot stuff 0.23
adding particles 
orbit: 0.23
error is nan 
3
-0.705876
-nan
error is nan 
4
0.18718
-nan
error is nan 
5
-0.261441
-nan
error is nan 
6
-nan
-nan
error is nan 
0
-nan
-nan
error is nan 
1
-nan
-nan
error is nan 
2
-nan
-nan
error is nan 
3
-nan
-nan
error is nan 
4
-nan
-nan
error is nan 
5
-nan
-nan
error is nan 
6
nan
nan
At rm particles 
at plot stuff 0.24
adding particles 
orbit: 0.24
At rm particles 
at plot stuff 0.25
adding particles 
orbit: 0.25
error is nan 
3
-1.35605
-nan
error is nan 
4
0.187708
-nan
error is nan 
5
-0.762416
-nan
error is nan 
6
-nan
-nan
error is nan 
0
-nan
-nan
error is nan 
1
-nan
-nan
error is nan 
2
-nan
-nan
error is nan 
3
-nan
-nan
error is nan 
4
-nan
-nan
error is nan 
5
-nan
-nan
error is nan 
6
nan
nan
error is nan 
6
-7.07482e-05
-nan
At rm particles 
at plot stuff 0.26
adding particles 
orbit: 0.26
error is nan 
3
-0.346278
-nan
error is nan 
4
0.0577074
-nan
error is nan 
5
-0.111817
-nan
error is nan 
6
-nan
-nan
error is nan 
0
-nan
-nan
error is nan 
1
-nan
-nan
error is nan 
2
-nan
-nan
error is nan 
3
-nan
-nan
error is nan 
4
-nan
-nan
error is nan 
5
-nan
-nan
error is nan 
6
nan
nan
error is nan 
6
-8.93472e-05
-nan
At rm particles 
at plot stuff 0.27
adding particles 
orbit: 0.27
error is nan 
0
-nan
-nan
error is nan 
1
-nan
-nan
error is nan 
2
-nan
-nan
error is nan 
3
-nan
-nan
error is nan 
4
-nan
-nan
error is nan 
5
-nan
-nan
error is nan 
6
-nan
-nan
error is nan 
6
-6.50566e-06
-nan
At rm particles 
at plot stuff 0.28
adding particles 
orbit: 0.28
error is nan 
3
-0.265823
-nan
error is nan 
4
-0.0485603
-nan
error is nan 
5
-0.0447141
-nan
error is nan 
6
-nan
-nan
error is nan 
0
-nan
-nan
error is nan 
1
-nan
-nan
error is nan 
2
-nan
-nan
error is nan 
3
-nan
-nan
error is nan 
4
-nan
-nan
error is nan 
5
-nan
-nan
error is nan 
6
nan
nan
error is nan 
0
-nan
-nan
error is nan 
1
-nan
-nan
error is nan 
2
-nan
-nan
error is nan 
3
-nan
-nan
error is nan 
4
-nan
-nan
error is nan 
5
-nan
-nan
error is nan 
6
-nan
-nan
At rm particles 
at plot stuff 0.29
adding particles 
orbit: 0.29
error is nan 
6
-4.21622e-05
-nan
error is nan 
0
-nan
-nan
error is nan 
1
-nan
-nan
error is nan 
2
-nan
-nan
error is nan 
3
-nan
-nan
error is nan 
4
-nan
-nan
error is nan 
5
-nan
-nan
error is nan 
6
-nan
-nan
At rm particles 
at plot stuff 0.3
adding particles 
orbit: 0.3
error is nan 
3
-0.0651093
-nan
error is nan 
4
-0.256329
-nan
error is nan 
5
-0.060487
-nan
error is nan 
6
-nan
-nan
error is nan 
0
-nan
-nan
error is nan 
1
-nan
-nan
error is nan 
2
-nan
-nan
error is nan 
3
-nan
-nan
error is nan 
4
-nan
-nan
error is nan 
5
-nan
-nan
error is nan 
6
nan
nan
error is nan 
3
-0.136291
-nan
error is nan 
4
-0.210545
-nan
error is nan 
5
-0.0111051
-nan
error is nan 
6
-nan
-nan
error is nan 
0
-nan
-nan
error is nan 
1
-nan
-nan
error is nan 
2
-nan
-nan
error is nan 
3
-nan
-nan
error is nan 
4
-nan
-nan
error is nan 
5
-nan
-nan
error is nan 
6
nan
nan
error is nan 
0
-nan
-nan
error is nan 
1
-nan
-nan
error is nan 
2
-nan
-nan
error is nan 
3
-nan
-nan
error is nan 
4
-nan
-nan
error is nan 
5
-nan
-nan
error is nan 
6
-nan
-nan
error is nan 
3
-0.617986
-nan
error is nan 
4
0.0483393
-nan
error is nan 
5
-0.184199
-nan
error is nan 
6
-nan
-nan
error is nan 
0
-nan
-nan
error is nan 
1
-nan
-nan
error is nan 
2
-nan
-nan
error is nan 
3
-nan
-nan
error is nan 
4
-nan
-nan
error is nan 
5
-nan
-nan
error is nan 
6
nan
nan
error is nan 
3
-0.530905
-nan
error is nan 
4
0.107757
-nan
error is nan 
5
-0.133364
-nan
error is nan 
6
-nan
-nan
error is nan 
0
-nan
-nan
error is nan 
1
-nan
-nan
error is nan 
2
-nan
-nan
error is nan 
3
-nan
-nan
error is nan 
4
-nan
-nan
error is nan 
5
-nan
-nan
error is nan 
6
nan
nan
error is nan 
6
-2.41112e-05
-nan
At rm particles 
at plot stuff 0.31
adding particles 
orbit: 0.31
error is nan 
3
-0.0243819
-nan
error is nan 
4
-0.343141
-nan
error is nan 
5
0.0019815
-nan
error is nan 
6
-nan
-nan
error is nan 
3
-0.111346
-nan
error is nan 
4
-0.210207
-nan
error is nan 
5
-0.0747675
-nan
error is nan 
6
-nan
-nan
error is nan 
0
-nan
-nan
error is nan 
1
-nan
-nan
error is nan 
2
-nan
-nan
error is nan 
3
-nan
-nan
error is nan 
4
-nan
-nan
error is nan 
5
-nan
-nan
error is nan 
6
nan
nan
error is nan 
6
-2.07893
-nan
error is nan 
0
-nan
-nan
error is nan 
1
-nan
-nan
error is nan 
2
-nan
-nan
error is nan 
3
-nan
-nan
error is nan 
4
-nan
-nan
error is nan 
5
-nan
-nan
error is nan 
6
-nan
-nan
error is nan 
3
-1.27033
-nan
error is nan 
4
0.151476
-nan
error is nan 
5
-0.518536
-nan
error is nan 
6
-nan
-nan
error is nan 
0
-nan
-nan
error is nan 
1
-nan
-nan
error is nan 
2
-nan
-nan
error is nan 
3
-nan
-nan
error is nan 
4
-nan
-nan
error is nan 
5
-nan
-nan
error is nan 
6
nan
nan
error is nan 
3
-2.16123
-nan
error is nan 
4
0.00253745
-nan
error is nan 
5
-1.11063
-nan
error is nan 
6
-nan
-nan
error is nan 
0
-nan
-nan
error is nan 
1
-nan
-nan
error is nan 
2
-nan
-nan
error is nan 
3
-nan
-nan
error is nan 
4
-nan
-nan
error is nan 
5
-nan
-nan
error is nan 
6
nan
nan
At rm particles 
at plot stuff 0.32
adding particles 
orbit: 0.32
error is nan 
3
0.0246313
-nan
error is nan 
4
-0.375583
-nan
error is nan 
5
0.000674357
-nan
error is nan 
6
-nan
-nan
error is nan 
0
-nan
-nan
error is nan 
1
-nan
-nan
error is nan 
2
-nan
-nan
error is nan 
3
-nan
-nan
error is nan 
4
-nan
-nan
error is nan 
5
-nan
-nan
error is nan 
6
nan
nan
error is nan 
3
-0.0795499
-nan
error is nan 
4
-0.30726
-nan
error is nan 
5
-0.00127615
-nan
error is nan 
6
-nan
-nan
error is nan 
0
-nan
-nan
error is nan 
1
-nan
-nan
error is nan 
2
-nan
-nan
error is nan 
3
-nan
-nan
error is nan 
4
-nan
-nan
error is nan 
5
-nan
-nan
error is nan 
6
nan
nan
error is nan 
0
-nan
-nan
error is nan 
1
-nan
-nan
error is nan 
2
-nan
-nan
error is nan 
3
-nan
-nan
error is nan 
4
-nan
-nan
error is nan 
5
-nan
-nan
error is nan 
6
-nan
-nan
error is nan 
0
-nan
-nan
error is nan 
1
-nan
-nan
error is nan 
2
-nan
-nan
error is nan 
3
-nan
-nan
error is nan 
4
-nan
-nan
error is nan 
5
-nan
-nan
error is nan 
6
-nan
-nan
error is nan 
3
-0.477179
-nan
error is nan 
4
0.0788459
-nan
error is nan 
5
-0.109029
-nan
error is nan 
6
-nan
-nan
error is nan 
0
-nan
-nan
error is nan 
1
-nan
-nan
error is nan 
2
-nan
-nan
error is nan 
3
-nan
-nan
error is nan 
4
-nan
-nan
error is nan 
5
-nan
-nan
error is nan 
6
nan
nan
error is nan 
3
-0.501271
-nan
error is nan 
4
0.110071
-nan
error is nan 
5
-0.13498
-nan
error is nan 
6
-nan
-nan
error is nan 
0
-nan
-nan
error is nan 
1
-nan
-nan
error is nan 
2
-nan
-nan
error is nan 
3
-nan
-nan
error is nan 
4
-nan
-nan
error is nan 
5
-nan
-nan
error is nan 
6
nan
nan
error is nan 
0
-nan
-nan
error is nan 
1
-nan
-nan
error is nan 
2
-nan
-nan
error is nan 
3
-nan
-nan
error is nan 
4
-nan
-nan
error is nan 
5
-nan
-nan
error is nan 
6
-nan
-nan
error is nan 
0
-nan
-nan
error is nan 
1
-nan
-nan
error is nan 
2
-nan
-nan
error is nan 
3
-nan
-nan
error is nan 
4
-nan
-nan
error is nan 
5
-nan
-nan
error is nan 
6
-nan
-nan
At rm particles 
at plot stuff 0.33
adding particles 
orbit: 0.33
error is nan 
3
0.175029
-nan
error is nan 
4
-0.563352
-nan
error is nan 
5
5.55189e-05
-nan
error is nan 
6
-nan
-nan
error is nan 
0
-nan
-nan
error is nan 
1
-nan
-nan
error is nan 
2
-nan
-nan
error is nan 
3
-nan
-nan
error is nan 
4
-nan
-nan
error is nan 
5
-nan
-nan
error is nan 
6
nan
nan
error is nan 
6
-2.14839e-07
-nan
error is nan 
6
-3.04495e-06
-nan
error is nan 
6
-0.0104928
-nan
error is nan 
3
0.176723
-nan
error is nan 
4
-0.564044
-nan
error is nan 
5
0.00228597
-nan
error is nan 
6
-nan
-nan
error is nan 
0
-nan
-nan
error is nan 
1
-nan
-nan
error is nan 
2
-nan
-nan
error is nan 
3
-nan
-nan
error is nan 
4
-nan
-nan
error is nan 
5
-nan
-nan
error is nan 
6
nan
nan
error is nan 
3
0.183914
-nan
error is nan 
4
-0.577254
-nan
error is nan 
5
0.00393066
-nan
error is nan 
6
-nan
-nan
error is nan 
0
-nan
-nan
error is nan 
1
-nan
-nan
error is nan 
2
-nan
-nan
error is nan 
3
-nan
-nan
error is nan 
4
-nan
-nan
error is nan 
5
-nan
-nan
error is nan 
6
nan
nan
error is nan 
0
-nan
-nan
error is nan 
1
-nan
-nan
error is nan 
2
-nan
-nan
error is nan 
3
-nan
-nan
error is nan 
4
-nan
-nan
error is nan 
5
-nan
-nan
error is nan 
6
-nan
-nan
error is nan 
3
0.154337
-nan
error is nan 
4
-0.569277
-nan
error is nan 
5
0.0194084
-nan
error is nan 
6
-nan
-nan
error is nan 
3
0.152895
-nan
error is nan 
4
-0.552685
-nan
error is nan 
5
0.0137666
-nan
error is nan 
6
-nan
-nan
error is nan 
0
-nan
-nan
error is nan 
1
-nan
-nan
error is nan 
2
-nan
-nan
error is nan 
3
-nan
-nan
error is nan 
4
-nan
-nan
error is nan 
5
-nan
-nan
error is nan 
6
nan
nan
error is nan 
3
0.182045
-nan
error is nan 
4
-0.590684
-nan
error is nan 
5
-0.00576374
-nan
error is nan 
6
-nan
-nan
error is nan 
0
-nan
-nan
error is nan 
1
-nan
-nan
error is nan 
2
-nan
-nan
error is nan 
3
-nan
-nan
error is nan 
4
-nan
-nan
error is nan 
5
-nan
-nan
error is nan 
6
nan
nan
error is nan 
3
0.172695
-nan
error is nan 
4
-0.560002
-nan
error is nan 
5
0.0105419
-nan
error is nan 
6
-nan
-nan
error is nan 
0
-nan
-nan
error is nan 
1
-nan
-nan
error is nan 
2
-nan
-nan
error is nan 
3
-nan
-nan
error is nan 
4
-nan
-nan
error is nan 
5
-nan
-nan
error is nan 
6
nan
nan
error is nan 
0
-nan
-nan
error is nan 
1
-nan
-nan
error is nan 
2
-nan
-nan
error is nan 
3
-nan
-nan
error is nan 
4
-nan
-nan
error is nan 
5
-nan
-nan
error is nan 
6
-nan
-nan
error is nan 
0
-nan
-nan
error is nan 
1
-nan
-nan
error is nan 
2
-nan
-nan
error is nan 
3
-nan
-nan
error is nan 
4
-nan
-nan
error is nan 
5
-nan
-nan
error is nan 
6
-nan
-nan
error is nan 
6
-0.00729901
-nan
error is nan 
6
-4.27813e-05
-nan
error is nan 
0
-nan
-nan
error is nan 
1
-nan
-nan
error is nan 
2
-nan
-nan
error is nan 
3
-nan
-nan
error is nan 
4
-nan
-nan
error is nan 
5
-nan
-nan
error is nan 
6
-nan
-nan
error is nan 
0
-nan
-nan
error is nan 
1
-nan
-nan
error is nan 
2
-nan
-nan
error is nan 
3
-nan
-nan
error is nan 
4
-nan
-nan
error is nan 
5
-nan
-nan
error is nan 
6
-nan
-nan
error is nan 
3
0.156738
-nan
error is nan 
4
-0.543471
-nan
error is nan 
5
0.00655051
-nan
error is nan 
6
-nan
-nan
error is nan 
0
-nan
-nan
error is nan 
1
-nan
-nan
error is nan 
2
-nan
-nan
error is nan 
3
-nan
-nan
error is nan 
4
-nan
-nan
error is nan 
5
-nan
-nan
error is nan 
6
nan
nan
error is nan 
6
-5.62964e-05
-nan
error is nan 
0
-nan
-nan
error is nan 
1
-nan
-nan
error is nan 
2
-nan
-nan
error is nan 
3
-nan
-nan
error is nan 
4
-nan
-nan
error is nan 
5
-nan
-nan
error is nan 
6
-nan
-nan
error is nan 
3
0.167898
-nan
error is nan 
4
-0.553783
-nan
error is nan 
5
0.000548922
-nan
error is nan 
6
-nan
-nan
error is nan 
0
-nan
-nan
error is nan 
1
-nan
-nan
error is nan 
2
-nan
-nan
error is nan 
3
-nan
-nan
error is nan 
4
-nan
-nan
error is nan 
5
-nan
-nan
error is nan 
6
nan
nan
error is nan 
3
0.063675
-nan
error is nan 
4
-0.397911
-nan
error is nan 
5
-0.0213712
-nan
error is nan 
6
-nan
-nan
error is nan 
0
-nan
-nan
error is nan 
1
-nan
-nan
error is nan 
2
-nan
-nan
error is nan 
3
-nan
-nan
error is nan 
4
-nan
-nan
error is nan 
5
-nan
-nan
error is nan 
6
nan
nan
error is nan 
0
-nan
-nan
error is nan 
1
-nan
-nan
error is nan 
2
-nan
-nan
error is nan 
3
-nan
-nan
error is nan 
4
-nan
-nan
error is nan 
5
-nan
-nan
error is nan 
6
-nan
-nan
error is nan 
3
-0.0487228
-nan
error is nan 
4
-0.194682
-nan
error is nan 
5
-0.0552863
-nan
error is nan 
6
-nan
-nan
error is nan 
0
-nan
-nan
error is nan 
1
-nan
-nan
error is nan 
2
-nan
-nan
error is nan 
3
-nan
-nan
error is nan 
4
-nan
-nan
error is nan 
5
-nan
-nan
error is nan 
6
nan
nan
error is nan 
0
-nan
-nan
error is nan 
1
-nan
-nan
error is nan 
2
-nan
-nan
error is nan 
3
-nan
-nan
error is nan 
4
-nan
-nan
error is nan 
5
-nan
-nan
error is nan 
6
-nan
-nan
error is nan 
3
-0.231578
-nan
error is nan 
4
-0.0619535
-nan
error is nan 
5
-0.0410463
-nan
error is nan 
6
-nan
-nan
error is nan 
0
-nan
-nan
error is nan 
1
-nan
-nan
error is nan 
2
-nan
-nan
error is nan 
3
-nan
-nan
error is nan 
4
-nan
-nan
error is nan 
5
-nan
-nan
error is nan 
6
nan
nan
error is nan 
3
-0.246473
-nan
error is nan 
4
0.000599703
-nan
error is nan 
5
-0.11799
-nan
error is nan 
6
-nan
-nan
error is nan 
0
-nan
-nan
error is nan 
1
-nan
-nan
error is nan 
2
-nan
-nan
error is nan 
3
-nan
-nan
error is nan 
4
-nan
-nan
error is nan 
5
-nan
-nan
error is nan 
6
nan
nan
error is nan 
0
-nan
-nan
error is nan 
1
-nan
-nan
error is nan 
2
-nan
-nan
error is nan 
3
-nan
-nan
error is nan 
4
-nan
-nan
error is nan 
5
-nan
-nan
error is nan 
6
-nan
-nan
error is nan 
3
-0.54725
-nan
error is nan 
4
0.129074
-nan
error is nan 
5
-0.277383
-nan
error is nan 
6
-nan
-nan
error is nan 
0
-nan
-nan
error is nan 
1
-nan
-nan
error is nan 
2
-nan
-nan
error is nan 
3
-nan
-nan
error is nan 
4
-nan
-nan
error is nan 
5
-nan
-nan
error is nan 
6
nan
nan
error is nan 
0
-nan
-nan
error is nan 
1
-nan
-nan
error is nan 
2
-nan
-nan
error is nan 
3
-nan
-nan
error is nan 
4
-nan
-nan
error is nan 
5
-nan
-nan
error is nan 
6
-nan
-nan
At rm particles 
at plot stuff 0.34
adding particles 
orbit: 0.34
error is nan 
6
-0.0003296
-nan
error is nan 
3
0.191131
-nan
error is nan 
4
-0.661065
-nan
error is nan 
5
-0.0128033
-nan
error is nan 
6
-nan
-nan
error is nan 
0
-nan
-nan
error is nan 
1
-nan
-nan
error is nan 
2
-nan
-nan
error is nan 
3
-nan
-nan
error is nan 
4
-nan
-nan
error is nan 
5
-nan
-nan
error is nan 
6
nan
nan
error is nan 
3
0.201111
-nan
error is nan 
4
-0.699389
-nan
error is nan 
5
0.0201479
-nan
error is nan 
6
-nan
-nan
error is nan 
0
-nan
-nan
error is nan 
1
-nan
-nan
error is nan 
2
-nan
-nan
error is nan 
3
-nan
-nan
error is nan 
4
-nan
-nan
error is nan 
5
-nan
-nan
error is nan 
6
nan
nan
error is nan 
3
0.118562
-nan
error is nan 
4
-0.568195
-nan
error is nan 
5
-0.00573484
-nan
error is nan 
6
-nan
-nan
error is nan 
0
-nan
-nan
error is nan 
1
-nan
-nan
error is nan 
2
-nan
-nan
error is nan 
3
-nan
-nan
error is nan 
4
-nan
-nan
error is nan 
5
-nan
-nan
error is nan 
6
nan
nan
error is nan 
3
0.115508
-nan
error is nan 
4
-0.563257
-nan
error is nan 
5
0.00489842
-nan
error is nan 
6
-nan
-nan
error is nan 
0
-nan
-nan
error is nan 
1
-nan
-nan
error is nan 
2
-nan
-nan
error is nan 
3
-nan
-nan
error is nan 
4
-nan
-nan
error is nan 
5
-nan
-nan
error is nan 
6
nan
nan
error is nan 
3
0.0772641
-nan
error is nan 
4
-0.585832
-nan
error is nan 
5
0.0110605
-nan
error is nan 
6
-nan
-nan
error is nan 
0
-nan
-nan
error is nan 
1
-nan
-nan
error is nan 
2
-nan
-nan
error is nan 
3
-nan
-nan
error is nan 
4
-nan
-nan
error is nan 
5
-nan
-nan
error is nan 
6
nan
nan
error is nan 
3
0.198636
-nan
error is nan 
4
-0.675389
-nan
error is nan 
5
0.0219634
-nan
error is nan 
6
-nan
-nan
error is nan 
0
-nan
-nan
error is nan 
1
-nan
-nan
error is nan 
2
-nan
-nan
error is nan 
3
-nan
-nan
error is nan 
4
-nan
-nan
error is nan 
5
-nan
-nan
error is nan 
6
nan
nan
error is nan 
3
0.0932739
-nan
error is nan 
4
-0.588907
-nan
error is nan 
5
0.000794651
-nan
error is nan 
6
-nan
-nan
error is nan 
0
-nan
-nan
error is nan 
1
-nan
-nan
error is nan 
2
-nan
-nan
error is nan 
3
-nan
-nan
error is nan 
4
-nan
-nan
error is nan 
5
-nan
-nan
error is nan 
6
-nan
-nan
error is nan 
0
-nan
-nan
error is nan 
1
-nan
-nan
error is nan 
2
-nan
-nan
error is nan 
3
-nan
-nan
error is nan 
4
-nan
-nan
error is nan 
5
-nan
-nan
error is nan 
6
-nan
-nan
error is nan 
3
0.196047
-nan
error is nan 
4
-0.626318
-nan
error is nan 
5
-0.00175525
-nan
error is nan 
6
-nan
-nan
error is nan 
0
-nan
-nan
error is nan 
1
-nan
-nan
error is nan 
2
-nan
-nan
error is nan 
3
-nan
-nan
error is nan 
4
-nan
-nan
error is nan 
5
-nan
-nan
error is nan 
6
nan
nan
error is nan 
6
-6.8399e-06
-nan
error is nan 
6
-6.86287e-07
-nan
error is nan 
3
0.202704
-nan
error is nan 
4
-0.653967
-nan
error is nan 
5
0.00838918
-nan
error is nan 
6
-nan
-nan
error is nan 
0
-nan
-nan
error is nan 
1
-nan
-nan
error is nan 
2
-nan
-nan
error is nan 
3
-nan
-nan
error is nan 
4
-nan
-nan
error is nan 
5
-nan
-nan
error is nan 
6
nan
nan
error is nan 
3
0.168147
-nan
error is nan 
4
-0.61301
-nan
error is nan 
5
0.0271296
-nan
error is nan 
6
-nan
-nan
error is nan 
0
-nan
-nan
error is nan 
1
-nan
-nan
error is nan 
2
-nan
-nan
error is nan 
3
-nan
-nan
error is nan 
4
-nan
-nan
error is nan 
5
-nan
-nan
error is nan 
6
nan
nan
error is nan 
6
-2.5705e-05
-nan
error is nan 
0
-nan
-nan
error is nan 
1
-nan
-nan
error is nan 
2
-nan
-nan
error is nan 
3
-nan
-nan
error is nan 
4
-nan
-nan
error is nan 
5
-nan
-nan
error is nan 
6
-nan
-nan
error is nan 
0
-nan
-nan
error is nan 
1
-nan
-nan
error is nan 
2
-nan
-nan
error is nan 
3
-nan
-nan
error is nan 
4
-nan
-nan
error is nan 
5
-nan
-nan
error is nan 
6
-nan
-nan
new h -1
error is nan 
3
0.13498
-nan
error is nan 
4
-0.545998
-nan
error is nan 
5
0.00624837
-nan
error is nan 
6
-nan
-nan
error is nan 
0
-nan
-nan
error is nan 
1
-nan
-nan
error is nan 
2
-nan
-nan
error is nan 
3
-nan
-nan
error is nan 
4
-nan
-nan
error is nan 
5
-nan
-nan
error is nan 
6
nan
nan
error is nan 
3
0.200742
-nan
error is nan 
4
-0.672549
-nan
error is nan 
5
0.0186089
-nan
error is nan 
6
-nan
-nan
error is nan 
0
-nan
-nan
error is nan 
1
-nan
-nan
error is nan 
2
-nan
-nan
error is nan 
3
-nan
-nan
error is nan 
4
-nan
-nan
error is nan 
5
-nan
-nan
error is nan 
6
nan
nan
error is nan 
0
-nan
-nan
error is nan 
1
-nan
-nan
error is nan 
2
-nan
-nan
error is nan 
3
-nan
-nan
error is nan 
4
-nan
-nan
error is nan 
5
-nan
-nan
error is nan 
6
-nan
-nan
error is nan 
3
0.161286
-nan
error is nan 
4
-0.590776
-nan
error is nan 
5
-0.0145315
-nan
error is nan 
6
-nan
-nan
error is nan 
0
-nan
-nan
error is nan 
1
-nan
-nan
error is nan 
2
-nan
-nan
error is nan 
3
-nan
-nan
error is nan 
4
-nan
-nan
error is nan 
5
-nan
-nan
error is nan 
6
nan
nan
error is nan 
6
-0.000196468
-nan
error is nan 
3
0.137615
-nan
error is nan 
4
-0.600155
-nan
error is nan 
5
-0.0184426
-nan
error is nan 
6
-nan
-nan
error is nan 
0
-nan
-nan
error is nan 
1
-nan
-nan
error is nan 
2
-nan
-nan
error is nan 
3
-nan
-nan
error is nan 
4
-nan
-nan
error is nan 
5
-nan
-nan
error is nan 
6
nan
nan
error is nan 
3
0.196477
-nan
error is nan 
4
-0.624247
-nan
error is nan 
5
-0.000113308
-nan
error is nan 
6
-nan
-nan
error is nan 
0
-nan
-nan
error is nan 
1
-nan
-nan
error is nan 
2
-nan
-nan
error is nan 
3
-nan
-nan
error is nan 
4
-nan
-nan
error is nan 
5
-nan
-nan
error is nan 
6
nan
nan
error is nan 
3
0.193014
-nan
error is nan 
4
-0.620062
-nan
error is nan 
5
0.0175445
-nan
error is nan 
6
-nan
-nan
error is nan 
0
-nan
-nan
error is nan 
1
-nan
-nan
error is nan 
2
-nan
-nan
error is nan 
3
-nan
-nan
error is nan 
4
-nan
-nan
error is nan 
5
-nan
-nan
error is nan 
6
nan
nan
error is nan 
3
0.109324
-nan
error is nan 
4
-0.573493
-nan
error is nan 
5
-0.00182078
-nan
error is nan 
6
-nan
-nan
error is nan 
0
-nan
-nan
error is nan 
1
-nan
-nan
error is nan 
2
-nan
-nan
error is nan 
3
-nan
-nan
error is nan 
4
-nan
-nan
error is nan 
5
-nan
-nan
error is nan 
6
nan
nan
error is nan 
3
0.188031
-nan
error is nan 
4
-0.669325
-nan
error is nan 
5
-0.0158527
-nan
error is nan 
6
-nan
-nan
error is nan 
0
-nan
-nan
error is nan 
1
-nan
-nan
error is nan 
2
-nan
-nan
error is nan 
3
-nan
-nan
error is nan 
4
-nan
-nan
error is nan 
5
-nan
-nan
error is nan 
6
nan
nan
error is nan 
0
-nan
-nan
error is nan 
1
-nan
-nan
error is nan 
2
-nan
-nan
error is nan 
3
-nan
-nan
error is nan 
4
-nan
-nan
error is nan 
5
-nan
-nan
error is nan 
6
-nan
-nan
error is nan 
3
0.155008
-nan
error is nan 
4
-0.631758
-nan
error is nan 
5
0.0317962
-nan
error is nan 
6
-nan
-nan
error is nan 
0
-nan
-nan
error is nan 
1
-nan
-nan
error is nan 
2
-nan
-nan
error is nan 
3
-nan
-nan
error is nan 
4
-nan
-nan
error is nan 
5
-nan
-nan
error is nan 
6
nan
nan
error is nan 
6
-0.00220221
-nan
error is nan 
3
0.194594
-nan
error is nan 
4
-0.655224
-nan
error is nan 
5
0.0232923
-nan
error is nan 
6
-nan
-nan
error is nan 
0
-nan
-nan
error is nan 
1
-nan
-nan
error is nan 
2
-nan
-nan
error is nan 
3
-nan
-nan
error is nan 
4
-nan
-nan
error is nan 
5
-nan
-nan
error is nan 
6
nan
nan
error is nan 
0
-nan
-nan
error is nan 
1
-nan
-nan
error is nan 
2
-nan
-nan
error is nan 
3
-nan
-nan
error is nan 
4
-nan
-nan
error is nan 
5
-nan
-nan
error is nan 
6
-nan
-nan
error is nan 
3
0.0954922
-nan
error is nan 
4
-0.542546
-nan
error is nan 
5
-0.00748473
-nan
error is nan 
6
-nan
-nan
error is nan 
0
-nan
-nan
error is nan 
1
-nan
-nan
error is nan 
2
-nan
-nan
error is nan 
3
-nan
-nan
error is nan 
4
-nan
-nan
error is nan 
5
-nan
-nan
error is nan 
6
nan
nan
error is nan 
3
0.132214
-nan
error is nan 
4
-0.589236
-nan
error is nan 
5
-0.0158742
-nan
error is nan 
6
-nan
-nan
error is nan 
0
-nan
-nan
error is nan 
1
-nan
-nan
error is nan 
2
-nan
-nan
error is nan 
3
-nan
-nan
error is nan 
4
-nan
-nan
error is nan 
5
-nan
-nan
error is nan 
6
nan
nan
error is nan 
3
0.159744
-nan
error is nan 
4
-0.559946
-nan
error is nan 
5
0.0157491
-nan
error is nan 
6
-nan
-nan
error is nan 
0
-nan
-nan
error is nan 
1
-nan
-nan
error is nan 
2
-nan
-nan
error is nan 
3
-nan
-nan
error is nan 
4
-nan
-nan
error is nan 
5
-nan
-nan
error is nan 
6
nan
nan
error is nan 
3
0.18124
-nan
error is nan 
4
-0.601552
-nan
error is nan 
5
0.0210496
-nan
error is nan 
6
-nan
-nan
error is nan 
0
-nan
-nan
error is nan 
1
-nan
-nan
error is nan 
2
-nan
-nan
error is nan 
3
-nan
-nan
error is nan 
4
-nan
-nan
error is nan 
5
-nan
-nan
error is nan 
6
-nan
-nan
error is nan 
0
-nan
-nan
error is nan 
1
-nan
-nan
error is nan 
2
-nan
-nan
error is nan 
3
-nan
-nan
error is nan 
4
-nan
-nan
error is nan 
5
-nan
-nan
error is nan 
6
-nan
-nan
error is nan 
6
-2.55365e-05
-nan
error is nan 
6
-0.00124171
-nan
error is nan 
3
-0.0563956
-nan
error is nan 
4
-0.409053
-nan
error is nan 
5
0.00568033
-nan
error is nan 
6
-nan
-nan
error is nan 
0
-nan
-nan
error is nan 
1
-nan
-nan
error is nan 
2
-nan
-nan
error is nan 
3
-nan
-nan
error is nan 
4
-nan
-nan
error is nan 
5
-nan
-nan
error is nan 
6
nan
nan
error is nan 
3
-0.115032
-nan
error is nan 
4
-0.371281
-nan
error is nan 
5
0.00448068
-nan
error is nan 
6
-nan
-nan
error is nan 
0
-nan
-nan
error is nan 
1
-nan
-nan
error is nan 
2
-nan
-nan
error is nan 
3
-nan
-nan
error is nan 
4
-nan
-nan
error is nan 
5
-nan
-nan
error is nan 
6
nan
nan
error is nan 
0
-nan
-nan
error is nan 
1
-nan
-nan
error is nan 
2
-nan
-nan
error is nan 
3
-nan
-nan
error is nan 
4
-nan
-nan
error is nan 
5
-nan
-nan
error is nan 
6
-nan
-nan
error is nan 
0
-nan
-nan
error is nan 
1
-nan
-nan
error is nan 
2
-nan
-nan
error is nan 
3
-nan
-nan
error is nan 
4
-nan
-nan
error is nan 
5
-nan
-nan
error is nan 
6
-nan
-nan
error is nan 
6
-0.00224345
-nan
error is nan 
3
0.19101
-nan
error is nan 
4
-0.61286
-nan
error is nan 
5
0.0174431
-nan
error is nan 
6
-nan
-nan
error is nan 
3
0.145841
-nan
error is nan 
4
-0.560117
-nan
error is nan 
5
0.0166655
-nan
error is nan 
6
-nan
-nan
error is nan 
3
0.176978
-nan
error is nan 
4
-0.571315
-nan
error is nan 
5
0.0136177
-nan
error is nan 
6
-nan
-nan
error is nan 
0
-nan
-nan
error is nan 
1
-nan
-nan
error is nan 
2
-nan
-nan
error is nan 
3
-nan
-nan
error is nan 
4
-nan
-nan
error is nan 
5
-nan
-nan
error is nan 
6
nan
nan
error is nan 
0
-nan
-nan
error is nan 
1
-nan
-nan
error is nan 
2
-nan
-nan
error is nan 
3
-nan
-nan
error is nan 
4
-nan
-nan
error is nan 
5
-nan
-nan
error is nan 
6
-nan
-nan
error is nan 
0
-nan
-nan
error is nan 
1
-nan
-nan
error is nan 
2
-nan
-nan
error is nan 
3
-nan
-nan
error is nan 
4
-nan
-nan
error is nan 
5
-nan
-nan
error is nan 
6
-nan
-nan
error is nan 
0
-nan
-nan
error is nan 
1
-nan
-nan
error is nan 
2
-nan
-nan
error is nan 
3
-nan
-nan
error is nan 
4
-nan
-nan
error is nan 
5
-nan
-nan
error is nan 
6
-nan
-nan
error is nan 
3
0.162159
-nan
error is nan 
4
-0.554264
-nan
error is nan 
5
0.0129292
-nan
error is nan 
6
-nan
-nan
error is nan 
0
-nan
-nan
error is nan 
1
-nan
-nan
error is nan 
2
-nan
-nan
error is nan 
3
-nan
-nan
error is nan 
4
-nan
-nan
error is nan 
5
-nan
-nan
error is nan 
6
nan
nan
error is nan 
0
-nan
-nan
error is nan 
1
-nan
-nan
error is nan 
2
-nan
-nan
error is nan 
3
-nan
-nan
error is nan 
4
-nan
-nan
error is nan 
5
-nan
-nan
error is nan 
6
-nan
-nan
error is nan 
0
-nan
-nan
error is nan 
1
-nan
-nan
error is nan 
2
-nan
-nan
error is nan 
3
-nan
-nan
error is nan 
4
-nan
-nan
error is nan 
5
-nan
-nan
error is nan 
6
-nan
-nan
error is nan 
0
-nan
-nan
error is nan 
1
-nan
-nan
error is nan 
2
-nan
-nan
error is nan 
3
-nan
-nan
error is nan 
4
-nan
-nan
error is nan 
5
-nan
-nan
error is nan 
6
-nan
-nan
error is nan 
3
0.177675
-nan
error is nan 
4
-0.592757
-nan
error is nan 
5
0.0204249
-nan
error is nan 
6
-nan
-nan
error is nan 
0
-nan
-nan
error is nan 
1
-nan
-nan
error is nan 
2
-nan
-nan
error is nan 
3
-nan
-nan
error is nan 
4
-nan
-nan
error is nan 
5
-nan
-nan
error is nan 
6
nan
nan
error is nan 
0
-nan
-nan
error is nan 
1
-nan
-nan
error is nan 
2
-nan
-nan
error is nan 
3
-nan
-nan
error is nan 
4
-nan
-nan
error is nan 
5
-nan
-nan
error is nan 
6
-nan
-nan
error is nan 
0
-nan
-nan
error is nan 
1
-nan
-nan
error is nan 
2
-nan
-nan
error is nan 
3
-nan
-nan
error is nan 
4
-nan
-nan
error is nan 
5
-nan
-nan
error is nan 
6
-nan
-nan
error is nan 
3
0.0205827
-nan
error is nan 
4
-0.30743
-nan
error is nan 
5
-0.0406285
-nan
error is nan 
6
-nan
-nan
error is nan 
0
-nan
-nan
error is nan 
1
-nan
-nan
error is nan 
2
-nan
-nan
error is nan 
3
-nan
-nan
error is nan 
4
-nan
-nan
error is nan 
5
-nan
-nan
error is nan 
6
nan
nan
error is nan 
3
-0.0341051
-nan
error is nan 
4
-0.268262
-nan
error is nan 
5
-0.00725426
-nan
error is nan 
6
-nan
-nan
error is nan 
0
-nan
-nan
error is nan 
1
-nan
-nan
error is nan 
2
-nan
-nan
error is nan 
3
-nan
-nan
error is nan 
4
-nan
-nan
error is nan 
5
-nan
-nan
error is nan 
6
-nan
-nan
error is nan 
3
-1.47643
-nan
error is nan 
4
0.13556
-nan
error is nan 
5
-0.626621
-nan
error is nan 
6
-nan
-nan
error is nan 
0
-nan
-nan
error is nan 
1
-nan
-nan
error is nan 
2
-nan
-nan
error is nan 
3
-nan
-nan
error is nan 
4
-nan
-nan
error is nan 
5
-nan
-nan
error is nan 
6
nan
nan
At rm particles 
srun: error: node863: task 0: Segmentation fault
srun: Terminating job step 25653302.0
